<?xml version="1.0" encoding="UTF-8"?>
<testng-results ignored="0" total="5" passed="5" failed="0" skipped="0">
  <reporter-output>
  </reporter-output>
  <suite started-at="2024-05-09T08:42:58 IST" name="Default suite" finished-at="2024-05-09T08:43:44 IST" duration-ms="45970">
    <groups>
      <group name="cucumber">
        <method signature="AbstractTestNGCucumberTests.runScenario(io.cucumber.testng.PickleWrapper,io.cucumber.testng.FeatureWrapper)[pri:0, instance:TechVerito.TestNGRunner.TestNGRunner@477b4cdf]" name="runScenario" class="io.cucumber.testng.AbstractTestNGCucumberTests"/>
      </group> <!-- cucumber -->
    </groups>
    <test started-at="2024-05-09T08:42:58 IST" name="Default test" finished-at="2024-05-09T08:43:44 IST" duration-ms="45970">
      <class name="TechVerito.TestNGRunner.TestNGRunner">
        <test-method is-config="true" signature="setUpClass(org.testng.ITestContext)[pri:0, instance:TechVerito.TestNGRunner.TestNGRunner@477b4cdf]" started-at="2024-05-09T08:42:58 IST" name="setUpClass" finished-at="2024-05-09T08:42:59 IST" duration-ms="499" status="PASS">
          <params>
            <param index="0">
              <value>
                <![CDATA[org.testng.TestRunner@36ef1d65]]>
              </value>
            </param>
          </params>
          <reporter-output>
          </reporter-output>
        </test-method> <!-- setUpClass -->
        <test-method signature="runScenario(io.cucumber.testng.PickleWrapper,io.cucumber.testng.FeatureWrapper)[pri:0, instance:TechVerito.TestNGRunner.TestNGRunner@477b4cdf]" started-at="2024-05-09T08:42:59 IST" name="runScenario" description="Runs Cucumber Scenarios" data-provider="scenarios" finished-at="2024-05-09T08:43:09 IST" duration-ms="9690" status="PASS">
          <params>
            <param index="0">
              <value>
                <![CDATA["Add Book products to cart"]]>
              </value>
            </param>
            <param index="1">
              <value>
                <![CDATA["Purchase the Books and place order from E-commerce Website"]]>
              </value>
            </param>
          </params>
          <reporter-output>
          </reporter-output>
        </test-method> <!-- runScenario -->
        <test-method signature="runScenario(io.cucumber.testng.PickleWrapper,io.cucumber.testng.FeatureWrapper)[pri:0, instance:TechVerito.TestNGRunner.TestNGRunner@477b4cdf]" started-at="2024-05-09T08:43:09 IST" name="runScenario" description="Runs Cucumber Scenarios" data-provider="scenarios" finished-at="2024-05-09T08:43:17 IST" duration-ms="8281" status="PASS">
          <params>
            <param index="0">
              <value>
                <![CDATA["Add Book products to cart"]]>
              </value>
            </param>
            <param index="1">
              <value>
                <![CDATA["Purchase the Books and place order from E-commerce Website"]]>
              </value>
            </param>
          </params>
          <reporter-output>
          </reporter-output>
        </test-method> <!-- runScenario -->
        <test-method signature="runScenario(io.cucumber.testng.PickleWrapper,io.cucumber.testng.FeatureWrapper)[pri:0, instance:TechVerito.TestNGRunner.TestNGRunner@477b4cdf]" started-at="2024-05-09T08:43:17 IST" name="runScenario" description="Runs Cucumber Scenarios" data-provider="scenarios" finished-at="2024-05-09T08:43:25 IST" duration-ms="8271" status="PASS">
          <params>
            <param index="0">
              <value>
                <![CDATA["Add Book products to cart"]]>
              </value>
            </param>
            <param index="1">
              <value>
                <![CDATA["Purchase the Books and place order from E-commerce Website"]]>
              </value>
            </param>
          </params>
          <reporter-output>
          </reporter-output>
        </test-method> <!-- runScenario -->
        <test-method signature="runScenario(io.cucumber.testng.PickleWrapper,io.cucumber.testng.FeatureWrapper)[pri:0, instance:TechVerito.TestNGRunner.TestNGRunner@477b4cdf]" started-at="2024-05-09T08:43:25 IST" name="runScenario" description="Runs Cucumber Scenarios" data-provider="scenarios" finished-at="2024-05-09T08:43:33 IST" duration-ms="7940" status="PASS">
          <params>
            <param index="0">
              <value>
                <![CDATA["Verify added product total price shown correct"]]>
              </value>
            </param>
            <param index="1">
              <value>
                <![CDATA["Purchase the Books and place order from E-commerce Website"]]>
              </value>
            </param>
          </params>
          <reporter-output>
          </reporter-output>
        </test-method> <!-- runScenario -->
        <test-method signature="runScenario(io.cucumber.testng.PickleWrapper,io.cucumber.testng.FeatureWrapper)[pri:0, instance:TechVerito.TestNGRunner.TestNGRunner@477b4cdf]" started-at="2024-05-09T08:43:33 IST" name="runScenario" description="Runs Cucumber Scenarios" data-provider="scenarios" finished-at="2024-05-09T08:43:44 IST" duration-ms="11227" status="PASS">
          <params>
            <param index="0">
              <value>
                <![CDATA["Double QTY of added products in cart and check total value"]]>
              </value>
            </param>
            <param index="1">
              <value>
                <![CDATA["Purchase the Books and place order from E-commerce Website"]]>
              </value>
            </param>
          </params>
          <reporter-output>
          </reporter-output>
        </test-method> <!-- runScenario -->
        <test-method is-config="true" signature="tearDownClass()[pri:0, instance:TechVerito.TestNGRunner.TestNGRunner@477b4cdf]" started-at="2024-05-09T08:43:44 IST" name="tearDownClass" finished-at="2024-05-09T08:43:44 IST" duration-ms="19" status="PASS">
          <reporter-output>
          </reporter-output>
        </test-method> <!-- tearDownClass -->
      </class> <!-- TechVerito.TestNGRunner.TestNGRunner -->
    </test> <!-- Default test -->
  </suite> <!-- Default suite -->
</testng-results>
